#
# There is insufficient memory for the Java Runtime Environment to continue.
# Native memory allocation (mmap) failed to map 264241152 bytes. Error detail: G1 virtual space
# Possible reasons:
#   The system is out of physical RAM or swap space
#   This process is running with CompressedOops enabled, and the Java Heap may be blocking the growth of the native heap
# Possible solutions:
#   Reduce memory load on the system
#   Increase physical memory or swap space
#   Check if swap backing store is full
#   Decrease Java heap size (-Xmx/-Xms)
#   Decrease number of Java threads
#   Decrease Java thread stack sizes (-Xss)
#   Set larger code cache with -XX:ReservedCodeCacheSize=
#   JVM is running with Zero Based Compressed Oops mode in which the Java heap is
#     placed in the first 32GB address space. The Java Heap base address is the
#     maximum limit for the native heap growth. Please use -XX:HeapBaseMinAddress
#     to set the Java Heap base and to place the Java Heap above 32GB virtual address.
# This output file may be truncated or incomplete.
#
#  Out of Memory Error (os_windows.cpp:3703), pid=18636, tid=5208
#
# JRE version:  (23.0.1+11) (build )
# Java VM: Java HotSpot(TM) 64-Bit Server VM (23.0.1+11-39, mixed mode, sharing, tiered, compressed oops, compressed class ptrs, g1 gc, windows-amd64)
# No core dump will be written. Minidumps are not enabled by default on client versions of Windows
#

---------------  S U M M A R Y ------------

Command Line: 

Host: 12th Gen Intel(R) Core(TM) i5-1240P, 16 cores, 15G,  Windows 11 , 64 bit Build 22621 (10.0.22621.5415)
Time: Sun Nov 23 16:49:08 2025 RTZ 2 (s 11 , 64 bit Build 22621 (10.0.22621.5415) elapsed time: 0.010140 seconds (0d 0h 0m 0s)

---------------  T H R E A D  ---------------

Current thread (0x000001ec8676f250):  JavaThread "Unknown thread" [_thread_in_vm, id=5208, stack(0x000000d510f00000,0x000000d511000000) (1024K)]

Stack: [0x000000d510f00000,0x000000d511000000]
Native frames: (J=compiled Java code, j=interpreted, Vv=VM code, C=native code)
V  [jvm.dll+0x6e08b9]  (no source info available)
V  [jvm.dll+0x87dc83]  (no source info available)
V  [jvm.dll+0x88010e]  (no source info available)
V  [jvm.dll+0x8807e3]  (no source info available)
V  [jvm.dll+0x27aee6]  (no source info available)
V  [jvm.dll+0x6dd1c5]  (no source info available)
V  [jvm.dll+0x6d104a]  (no source info available)
V  [jvm.dll+0x35b3ea]  (no source info available)
V  [jvm.dll+0x3637f6]  (no source info available)
V  [jvm.dll+0x34fd5e]  (no source info available)
V  [jvm.dll+0x34fff8]  (no source info available)
V  [jvm.dll+0x3289cc]  (no source info available)
V  [jvm.dll+0x32966e]  (no source info available)
V  [jvm.dll+0x844355]  (no source info available)
V  [jvm.dll+0x3b9848]  (no source info available)
V  [jvm.dll+0x82d14c]  (no source info available)
V  [jvm.dll+0x454d4e]  (no source info available)
V  [jvm.dll+0x456bd1]  (no source info available)
C  [jli.dll+0x52a3]  (no source info available)
C  [ucrtbase.dll+0x29333]  (no source info available)
C  [KERNEL32.DLL+0x1259d]  (no source info available)
C  [ntdll.dll+0x5af78]  (no source info available)

Lock stack of current Java thread (top to bottom):


---------------  P R O C E S S  ---------------

Threads class SMR info:
_java_thread_list=0x00007ffb8b743618, length=0, elements={
}

Java Threads: ( => current thread )
Total: 0

Other Threads:
  0x000001ec867d3060 WorkerThread "GC Thread#0"                     [id=8044, stack(0x000000d511000000,0x000000d511100000) (1024K)]
  0x000001ec867e8a80 ConcurrentGCThread "G1 Main Marker"            [id=20860, stack(0x000000d511100000,0x000000d511200000) (1024K)]
  0x000001ec867e9650 WorkerThread "G1 Conc#0"                       [id=3724, stack(0x000000d511200000,0x000000d511300000) (1024K)]

[error occurred during error reporting (printing all threads), id 0xc0000005, EXCEPTION_ACCESS_VIOLATION (0xc0000005) at pc=0x00007ffb8ae8bfba]
VM state: not at safepoint (not fully initialized)

VM Mutex/Monitor currently owned by a thread:  ([mutex/lock_event])
[0x00007ffb8b7c3a10] Heap_lock - owner thread: 0x000001ec8676f250

Heap address: 0x0000000704400000, size: 4028 MB, Compressed Oops mode: Zero based, Oop shift amount: 3

CDS archive(s) mapped at: [0x0000000000000000-0x0000000000000000-0x0000000000000000), size 0, SharedBaseAddress: 0x0000000800000000, ArchiveRelocationMode: 1.
Narrow klass base: 0x0000000000000000, Narrow klass shift: 0, Narrow klass range: 0x0

GC Precious Log:
 CardTable entry size: 512
 Card Set container configuration: InlinePtr #cards 4 size 8 Array Of Cards #cards 16 size 48 Howl #buckets 8 coarsen threshold 3686 Howl Bitmap #cards 512 size 80 coarsen threshold 460 Card regions per heap region 1 cards per card region 4096

Heap:
 garbage-first heap   total reserved 4124672K, committed 0K, used 0K [0x0000000704400000, 0x0000000800000000)
  region size 2048K, 0 young (0K), 0 survivors (0K)

[error occurred during error reporting (printing heap information), id 0xc0000005, EXCEPTION_ACCESS_VIOLATION (0xc0000005) at pc=0x00007ffb8b28c3c9]
GC Heap History (0 events):
No events

Dll operation events (1 events):
Event: 0.007 Loaded shared library C:\Program Files\Java\jdk-23\bin\java.dll

Deoptimization events (0 events):
No events

Classes loaded (0 events):
No events

Classes unloaded (0 events):
No events

Classes redefined (0 events):
No events

Internal exceptions (0 events):
No events

VM Operations (0 events):
No events

Memory protections (0 events):
No events

Nmethod flushes (0 events):
No events

Events (0 events):
No events


Dynamic libraries:
0x00007ff77acf0000 - 0x00007ff77ad00000 	C:\Program Files\Java\jdk-23\bin\java.exe
0x00007ffbebeb0000 - 0x00007ffbec0c8000 	C:\WINDOWS\SYSTEM32\ntdll.dll
0x00007ffbea910000 - 0x00007ffbea9d4000 	C:\WINDOWS\System32\KERNEL32.DLL
0x00007ffbe94c0000 - 0x00007ffbe9893000 	C:\WINDOWS\System32\KERNELBASE.dll
0x00007ffbe93a0000 - 0x00007ffbe94b1000 	C:\WINDOWS\System32\ucrtbase.dll
0x00007ffbd7330000 - 0x00007ffbd7347000 	C:\Program Files\Java\jdk-23\bin\jli.dll
0x00007ffbd72f0000 - 0x00007ffbd730b000 	C:\Program Files\Java\jdk-23\bin\VCRUNTIME140.dll
0x00007ffbea6f0000 - 0x00007ffbea8a2000 	C:\WINDOWS\System32\USER32.dll
0x00007ffbccc80000 - 0x00007ffbccf1c000 	C:\WINDOWS\WinSxS\amd64_microsoft.windows.common-controls_6595b64144ccf1df_6.0.22621.6060_none_2712eda17382d24b\COMCTL32.dll
0x00007ffbe9200000 - 0x00007ffbe9226000 	C:\WINDOWS\System32\win32u.dll
0x00007ffbea1f0000 - 0x00007ffbea219000 	C:\WINDOWS\System32\GDI32.dll
0x00007ffbea590000 - 0x00007ffbea637000 	C:\WINDOWS\System32\msvcrt.dll
0x00007ffbe98a0000 - 0x00007ffbe99c3000 	C:\WINDOWS\System32\gdi32full.dll
0x00007ffbe9a00000 - 0x00007ffbe9a9a000 	C:\WINDOWS\System32\msvcp_win.dll
0x00007ffbebaf0000 - 0x00007ffbebb21000 	C:\WINDOWS\System32\IMM32.DLL
0x00007ffbe5290000 - 0x00007ffbe529c000 	C:\Program Files\Java\jdk-23\bin\vcruntime140_1.dll
0x00007ffbc04e0000 - 0x00007ffbc056e000 	C:\Program Files\Java\jdk-23\bin\msvcp140.dll
0x00007ffb8ab50000 - 0x00007ffb8b89f000 	C:\Program Files\Java\jdk-23\bin\server\jvm.dll
0x00007ffbebd80000 - 0x00007ffbebe31000 	C:\WINDOWS\System32\ADVAPI32.dll
0x00007ffbeb730000 - 0x00007ffbeb7d8000 	C:\WINDOWS\System32\sechost.dll
0x00007ffbe99d0000 - 0x00007ffbe99f8000 	C:\WINDOWS\System32\bcrypt.dll
0x00007ffbea470000 - 0x00007ffbea588000 	C:\WINDOWS\System32\RPCRT4.dll
0x00007ffbebb30000 - 0x00007ffbebba1000 	C:\WINDOWS\System32\WS2_32.dll
0x00007ffbe7880000 - 0x00007ffbe78cd000 	C:\WINDOWS\SYSTEM32\POWRPROF.dll
0x00007ffbd69b0000 - 0x00007ffbd69e4000 	C:\WINDOWS\SYSTEM32\WINMM.dll
0x00007ffbcde00000 - 0x00007ffbcde0a000 	C:\WINDOWS\SYSTEM32\VERSION.dll
0x00007ffbe7860000 - 0x00007ffbe7873000 	C:\WINDOWS\SYSTEM32\UMPDC.dll
0x00007ffbe7fa0000 - 0x00007ffbe7fb8000 	C:\WINDOWS\SYSTEM32\kernel.appcore.dll
0x00007ffbe4000000 - 0x00007ffbe400a000 	C:\Program Files\Java\jdk-23\bin\jimage.dll
0x00007ffbe6410000 - 0x00007ffbe6643000 	C:\WINDOWS\SYSTEM32\DBGHELP.DLL
0x00007ffbea9e0000 - 0x00007ffbead72000 	C:\WINDOWS\System32\combase.dll
0x00007ffbeb7e0000 - 0x00007ffbeb8b8000 	C:\WINDOWS\System32\OLEAUT32.dll
0x00007ffbaf4f0000 - 0x00007ffbaf522000 	C:\WINDOWS\SYSTEM32\dbgcore.DLL
0x00007ffbe9aa0000 - 0x00007ffbe9b1b000 	C:\WINDOWS\System32\bcryptPrimitives.dll
0x00007ffbd71c0000 - 0x00007ffbd71de000 	C:\Program Files\Java\jdk-23\bin\java.dll
0x00007ffbeb950000 - 0x00007ffbebaf0000 	C:\WINDOWS\System32\ole32.dll
0x00007ffbead80000 - 0x00007ffbeb61e000 	C:\WINDOWS\System32\SHELL32.dll
0x00007ffbe90c0000 - 0x00007ffbe91ff000 	C:\WINDOWS\System32\wintypes.dll

dbghelp: loaded successfully - version: 4.0.5 - missing functions: none
symbol engine: initialized successfully - sym options: 0x614 - pdb path: .;C:\Program Files\Java\jdk-23\bin;C:\WINDOWS\SYSTEM32;C:\WINDOWS\WinSxS\amd64_microsoft.windows.common-controls_6595b64144ccf1df_6.0.22621.6060_none_2712eda17382d24b;C:\Program Files\Java\jdk-23\bin\server

VM Arguments:
java_command: <unknown>
java_class_path (initial): <not set>
Launcher Type: SUN_STANDARD

[Global flags]
     intx CICompilerCount                          = 12                                        {product} {ergonomic}
     uint ConcGCThreads                            = 3                                         {product} {ergonomic}
     uint G1ConcRefinementThreads                  = 13                                        {product} {ergonomic}
   size_t G1HeapRegionSize                         = 2097152                                   {product} {ergonomic}
   size_t InitialHeapSize                          = 264241152                                 {product} {ergonomic}
   size_t MarkStackSize                            = 4194304                                   {product} {ergonomic}
   size_t MarkStackSizeMax                         = 536870912                                 {product} {ergonomic}
   size_t MaxHeapSize                              = 4223664128                                {product} {ergonomic}
   size_t MinHeapDeltaBytes                        = 2097152                                   {product} {ergonomic}
   size_t MinHeapSize                              = 8388608                                   {product} {ergonomic}
    uintx NonNMethodCodeHeapSize                   = 7602176                                {pd product} {ergonomic}
    uintx NonProfiledCodeHeapSize                  = 122093568                              {pd product} {ergonomic}
    uintx ProfiledCodeHeapSize                     = 121962496                              {pd product} {ergonomic}
    uintx ReservedCodeCacheSize                    = 251658240                              {pd product} {ergonomic}
     bool SegmentedCodeCache                       = true                                      {product} {ergonomic}
   size_t SoftMaxHeapSize                          = 4223664128                             {manageable} {ergonomic}
     bool UseCompressedOops                        = true                           {product lp64_product} {ergonomic}
     bool UseG1GC                                  = true                                      {product} {ergonomic}
     bool UseLargePagesIndividualAllocation        = false                                  {pd product} {ergonomic}

Logging:
Log output configuration:
 #0: stdout all=warning uptime,level,tags foldmultilines=false
 #1: stderr all=off uptime,level,tags foldmultilines=false

Environment Variables:
PATH=C:\Program Files\Common Files\Oracle\Java\javapath;C:\Program Files (x86)\Common Files\Oracle\Java\java8path;C:\Program Files (x86)\Common Files\Oracle\Java\javapath;C:\WINDOWS\system32;C:\WINDOWS;C:\WINDOWS\System32\Wbem;C:\WINDOWS\System32\WindowsPowerShell\v1.0\;C:\WINDOWS\System32\OpenSSH\;C:\WINDOWS\system32\config\systemprofile\AppData\Local\Microsoft\WindowsApps;C:\windows\system32\HWAudioDriver\;C:\Program Files\dotnet\;C:\Program Files\WiX Toolset v6.0\bin\;C:\ProgramData\chocolatey\bin;C:\Program Files (x86)\WiX Toolset v3.14\bin;D:\Microsoft Visual Studio\2019\Community\MSBuild\Current\Bin;C:\Program Files (x86)\Windows Kits\10\Windows Performance Toolkit\;C:\Program Files\Git\cmd;C:\Users\hunge\AppData\Local\Microsoft\WindowsApps;D:\Microsoft VS Code\bin;C:\msys64\ucrt64\bin;C:\Users\hunge\.dotnet\tools
USERNAME=hunge
OS=Windows_NT
PROCESSOR_IDENTIFIER=Intel64 Family 6 Model 154 Stepping 3, GenuineIntel
TMP=C:\Users\hunge\AppData\Local\Temp
TEMP=C:\Users\hunge\AppData\Local\Temp




Periodic native trim disabled

---------------  S Y S T E M  ---------------

OS:
 Windows 11 , 64 bit Build 22621 (10.0.22621.5415)
OS uptime: 1 days 4:22 hours
Hyper-V role detected

CPU: total 16 (initial active 16) (8 cores per cpu, 2 threads per core) family 6 model 154 stepping 3 microcode 0x41e, cx8, cmov, fxsr, ht, mmx, 3dnowpref, sse, sse2, sse3, ssse3, sse4.1, sse4.2, popcnt, lzcnt, tsc, tscinvbit, avx, avx2, aes, erms, clmul, bmi1, bmi2, adx, sha, fma, vzeroupper, clflush, clflushopt, clwb, hv, serialize, rdtscp, rdpid, fsrm, gfni, f16c, cet_ibt, cet_ss
Processor Information for the first 16 processors :
  Max Mhz: 1700, Current Mhz: 1700, Mhz Limit: 1700

Memory: 4k page, system-wide physical 16108M (2354M free)
TotalPageFile size 16140M (AvailPageFile size 170M)
current process WorkingSet (physical memory assigned to process): 12M, peak: 12M
current process commit charge ("private bytes"): 71M, peak: 323M

vm_info: Java HotSpot(TM) 64-Bit Server VM (23.0.1+11-39) for windows-amd64 JRE (23.0.1+11-39), built on 2024-09-30T07:20:43Z with MS VC++ 17.6 (VS2022)

END.
